2025-11-13 17:03:39,431 - core.wallet - INFO - Кошелёк 62c1ddc8-cf5c-4a9b-bd27-22487d6b8c43 пополнен на 2000.0. Новый баланс: 2000.0
2025-11-13 17:03:46,331 - core.wallet - INFO - Кошелёк a5e32e37-b4f5-4e5d-b640-8c67f1532bf8 пополнен на 2000.0. Новый баланс: 2000.0
2025-11-13 17:04:02,148 - core.wallet - INFO - С кошелька a5e32e37-b4f5-4e5d-b640-8c67f1532bf8 списано 50.0. Новый баланс: 1950.0
2025-11-13 17:04:02,148 - core.wallet - INFO - В кошелёк a5e32e37-b4f5-4e5d-b640-8c67f1532bf8 добавлена транзакция 32a325d4-425e-4e75-893b-ff7abe6c7975 на сумму 50.0
2025-11-13 17:04:02,489 - core.wallet - INFO - С кошелька a5e32e37-b4f5-4e5d-b640-8c67f1532bf8 списано 50.0. Новый баланс: 1900.0
2025-11-13 17:04:02,489 - core.wallet - INFO - В кошелёк a5e32e37-b4f5-4e5d-b640-8c67f1532bf8 добавлена транзакция b4afd7f0-0ed1-46a6-bede-4c9111fecd75 на сумму 50.0
2025-11-13 17:04:02,758 - core.wallet - INFO - С кошелька a5e32e37-b4f5-4e5d-b640-8c67f1532bf8 списано 50.0. Новый баланс: 1850.0
2025-11-13 17:04:02,758 - core.wallet - INFO - В кошелёк a5e32e37-b4f5-4e5d-b640-8c67f1532bf8 добавлена транзакция 7f8eab0f-33eb-4875-b191-dedb267a2bd6 на сумму 50.0
2025-11-13 17:04:03,300 - core.wallet - INFO - С кошелька a5e32e37-b4f5-4e5d-b640-8c67f1532bf8 списано 50.0. Новый баланс: 1800.0
2025-11-13 17:04:03,300 - core.wallet - INFO - В кошелёк a5e32e37-b4f5-4e5d-b640-8c67f1532bf8 добавлена транзакция fb18fe59-8e86-49a5-a3e6-136869f2c4ee на сумму 50.0
2025-11-13 17:04:03,855 - core.wallet - INFO - С кошелька a5e32e37-b4f5-4e5d-b640-8c67f1532bf8 списано 50.0. Новый баланс: 1750.0
2025-11-13 17:04:03,855 - core.wallet - INFO - В кошелёк a5e32e37-b4f5-4e5d-b640-8c67f1532bf8 добавлена транзакция f326765b-bab9-4737-a18a-7c238f356d1f на сумму 50.0
2025-11-13 17:04:04,139 - core.wallet - INFO - С кошелька a5e32e37-b4f5-4e5d-b640-8c67f1532bf8 списано 50.0. Новый баланс: 1700.0
2025-11-13 17:04:04,139 - core.wallet - INFO - В кошелёк a5e32e37-b4f5-4e5d-b640-8c67f1532bf8 добавлена транзакция 961e8173-4acb-4251-b2ae-1ab507ad4cf1 на сумму 50.0
2025-11-13 17:04:04,444 - core.wallet - INFO - С кошелька a5e32e37-b4f5-4e5d-b640-8c67f1532bf8 списано 50.0. Новый баланс: 1650.0
2025-11-13 17:04:04,444 - core.wallet - INFO - В кошелёк a5e32e37-b4f5-4e5d-b640-8c67f1532bf8 добавлена транзакция 4d296c27-2f5e-4021-a989-376ab1c15201 на сумму 50.0
2025-11-13 17:05:06,715 - core.wallet - INFO - Транзакция 32a325d4-425e-4e75-893b-ff7abe6c7975 в кошельке a5e32e37-b4f5-4e5d-b640-8c67f1532bf8 подтверждена в блоке 4467c2751b3fbce57a54bedb8e122ca88d5f88d7bef577774534ba11d016e9d0
2025-11-13 17:05:06,715 - core.wallet - WARNING - Транзакция 32a325d4-425e-4e75-893b-ff7abe6c7975 не найдена в кошельке 62c1ddc8-cf5c-4a9b-bd27-22487d6b8c43
2025-11-13 17:05:06,715 - core.wallet - INFO - Транзакция b4afd7f0-0ed1-46a6-bede-4c9111fecd75 в кошельке a5e32e37-b4f5-4e5d-b640-8c67f1532bf8 подтверждена в блоке 4467c2751b3fbce57a54bedb8e122ca88d5f88d7bef577774534ba11d016e9d0
2025-11-13 17:05:06,715 - core.wallet - WARNING - Транзакция b4afd7f0-0ed1-46a6-bede-4c9111fecd75 не найдена в кошельке 62c1ddc8-cf5c-4a9b-bd27-22487d6b8c43
2025-11-13 17:05:06,715 - core.wallet - INFO - Транзакция 7f8eab0f-33eb-4875-b191-dedb267a2bd6 в кошельке a5e32e37-b4f5-4e5d-b640-8c67f1532bf8 подтверждена в блоке 4467c2751b3fbce57a54bedb8e122ca88d5f88d7bef577774534ba11d016e9d0
2025-11-13 17:05:06,715 - core.wallet - WARNING - Транзакция 7f8eab0f-33eb-4875-b191-dedb267a2bd6 не найдена в кошельке 62c1ddc8-cf5c-4a9b-bd27-22487d6b8c43
2025-11-13 17:05:06,715 - core.wallet - INFO - Транзакция fb18fe59-8e86-49a5-a3e6-136869f2c4ee в кошельке a5e32e37-b4f5-4e5d-b640-8c67f1532bf8 подтверждена в блоке 4467c2751b3fbce57a54bedb8e122ca88d5f88d7bef577774534ba11d016e9d0
2025-11-13 17:05:06,715 - core.wallet - WARNING - Транзакция fb18fe59-8e86-49a5-a3e6-136869f2c4ee не найдена в кошельке 62c1ddc8-cf5c-4a9b-bd27-22487d6b8c43
2025-11-13 17:05:06,715 - core.wallet - INFO - Транзакция f326765b-bab9-4737-a18a-7c238f356d1f в кошельке a5e32e37-b4f5-4e5d-b640-8c67f1532bf8 подтверждена в блоке 4467c2751b3fbce57a54bedb8e122ca88d5f88d7bef577774534ba11d016e9d0
2025-11-13 17:05:06,715 - core.wallet - WARNING - Транзакция f326765b-bab9-4737-a18a-7c238f356d1f не найдена в кошельке 62c1ddc8-cf5c-4a9b-bd27-22487d6b8c43
2025-11-13 17:05:06,715 - core.wallet - INFO - Транзакция 961e8173-4acb-4251-b2ae-1ab507ad4cf1 в кошельке a5e32e37-b4f5-4e5d-b640-8c67f1532bf8 подтверждена в блоке 4467c2751b3fbce57a54bedb8e122ca88d5f88d7bef577774534ba11d016e9d0
2025-11-13 17:05:06,715 - core.wallet - WARNING - Транзакция 961e8173-4acb-4251-b2ae-1ab507ad4cf1 не найдена в кошельке 62c1ddc8-cf5c-4a9b-bd27-22487d6b8c43
2025-11-13 17:05:06,716 - core.wallet - INFO - Транзакция 4d296c27-2f5e-4021-a989-376ab1c15201 в кошельке a5e32e37-b4f5-4e5d-b640-8c67f1532bf8 подтверждена в блоке 4467c2751b3fbce57a54bedb8e122ca88d5f88d7bef577774534ba11d016e9d0
2025-11-13 17:05:06,716 - core.wallet - WARNING - Транзакция 4d296c27-2f5e-4021-a989-376ab1c15201 не найдена в кошельке 62c1ddc8-cf5c-4a9b-bd27-22487d6b8c43
2025-11-13 19:01:42,967 - core.wallet - INFO - Кошелёк 3b295f9a-c075-487e-98cd-61d8fe7e6e4c пополнен на 2000.0. Новый баланс: 2000.0
2025-11-13 19:01:46,175 - core.wallet - INFO - Кошелёк 2823a294-3c3e-407d-9436-0aa6c27e6be3 пополнен на 2000.0. Новый баланс: 2000.0
2025-11-13 19:02:49,218 - core.wallet - INFO - С кошелька 2823a294-3c3e-407d-9436-0aa6c27e6be3 списано 20.0. Новый баланс: 1980.0
2025-11-13 19:02:49,219 - core.wallet - INFO - В кошелёк 2823a294-3c3e-407d-9436-0aa6c27e6be3 добавлена транзакция 2ad5aabb-5e88-4a4c-8b66-fc136c5a898c на сумму 20.0
2025-11-13 19:02:51,078 - core.wallet - INFO - С кошелька 2823a294-3c3e-407d-9436-0aa6c27e6be3 списано 20.0. Новый баланс: 1960.0
2025-11-13 19:02:51,078 - core.wallet - INFO - В кошелёк 2823a294-3c3e-407d-9436-0aa6c27e6be3 добавлена транзакция 6296727a-03a3-4abf-a259-281b7bec70bb на сумму 20.0
2025-11-13 19:02:51,806 - core.wallet - INFO - С кошелька 2823a294-3c3e-407d-9436-0aa6c27e6be3 списано 20.0. Новый баланс: 1940.0
2025-11-13 19:02:51,806 - core.wallet - INFO - В кошелёк 2823a294-3c3e-407d-9436-0aa6c27e6be3 добавлена транзакция 5135cdc9-090a-4c83-9d30-b51cd533942d на сумму 20.0
2025-11-13 19:02:52,252 - core.wallet - INFO - С кошелька 2823a294-3c3e-407d-9436-0aa6c27e6be3 списано 20.0. Новый баланс: 1920.0
2025-11-13 19:02:52,252 - core.wallet - INFO - В кошелёк 2823a294-3c3e-407d-9436-0aa6c27e6be3 добавлена транзакция ffef6e66-3edb-4f9e-adba-df9105df4732 на сумму 20.0
2025-11-13 19:02:52,684 - core.wallet - INFO - С кошелька 2823a294-3c3e-407d-9436-0aa6c27e6be3 списано 20.0. Новый баланс: 1900.0
2025-11-13 19:02:52,684 - core.wallet - INFO - В кошелёк 2823a294-3c3e-407d-9436-0aa6c27e6be3 добавлена транзакция 55b0e8b5-3a06-4478-a2f6-a45ed8271310 на сумму 20.0
2025-11-13 19:03:23,286 - core.wallet - INFO - Транзакция 2ad5aabb-5e88-4a4c-8b66-fc136c5a898c в кошельке 2823a294-3c3e-407d-9436-0aa6c27e6be3 подтверждена в блоке 8c61b996ce089307cbddf4eb6a41dc3e11152df6072d9d3f6e696500dc3fe667
2025-11-13 19:03:23,286 - core.wallet - WARNING - Транзакция 2ad5aabb-5e88-4a4c-8b66-fc136c5a898c не найдена в кошельке 3b295f9a-c075-487e-98cd-61d8fe7e6e4c
2025-11-13 19:03:23,287 - core.wallet - INFO - Транзакция 6296727a-03a3-4abf-a259-281b7bec70bb в кошельке 2823a294-3c3e-407d-9436-0aa6c27e6be3 подтверждена в блоке 8c61b996ce089307cbddf4eb6a41dc3e11152df6072d9d3f6e696500dc3fe667
2025-11-13 19:03:23,287 - core.wallet - WARNING - Транзакция 6296727a-03a3-4abf-a259-281b7bec70bb не найдена в кошельке 3b295f9a-c075-487e-98cd-61d8fe7e6e4c
2025-11-13 19:03:23,287 - core.wallet - INFO - Транзакция 5135cdc9-090a-4c83-9d30-b51cd533942d в кошельке 2823a294-3c3e-407d-9436-0aa6c27e6be3 подтверждена в блоке 8c61b996ce089307cbddf4eb6a41dc3e11152df6072d9d3f6e696500dc3fe667
2025-11-13 19:03:23,287 - core.wallet - WARNING - Транзакция 5135cdc9-090a-4c83-9d30-b51cd533942d не найдена в кошельке 3b295f9a-c075-487e-98cd-61d8fe7e6e4c
2025-11-13 19:03:23,287 - core.wallet - INFO - Транзакция ffef6e66-3edb-4f9e-adba-df9105df4732 в кошельке 2823a294-3c3e-407d-9436-0aa6c27e6be3 подтверждена в блоке 8c61b996ce089307cbddf4eb6a41dc3e11152df6072d9d3f6e696500dc3fe667
2025-11-13 19:03:23,287 - core.wallet - WARNING - Транзакция ffef6e66-3edb-4f9e-adba-df9105df4732 не найдена в кошельке 3b295f9a-c075-487e-98cd-61d8fe7e6e4c
2025-11-13 19:03:23,287 - core.wallet - INFO - Транзакция 55b0e8b5-3a06-4478-a2f6-a45ed8271310 в кошельке 2823a294-3c3e-407d-9436-0aa6c27e6be3 подтверждена в блоке 8c61b996ce089307cbddf4eb6a41dc3e11152df6072d9d3f6e696500dc3fe667
2025-11-13 19:03:23,287 - core.wallet - WARNING - Транзакция 55b0e8b5-3a06-4478-a2f6-a45ed8271310 не найдена в кошельке 3b295f9a-c075-487e-98cd-61d8fe7e6e4c
2025-11-13 19:03:30,029 - core.wallet - WARNING - Транзакция 810c8ae2-447f-496e-9d24-c5bb96df1040 не найдена в кошельке 3b295f9a-c075-487e-98cd-61d8fe7e6e4c
2025-11-13 19:03:30,029 - core.wallet - WARNING - Транзакция 5f02d12f-8e25-4456-b354-7992ba7569bf не найдена в кошельке 3b295f9a-c075-487e-98cd-61d8fe7e6e4c
2025-11-13 19:03:30,029 - core.wallet - WARNING - Транзакция 688fe6b4-5260-4609-8a39-67190c485a8a не найдена в кошельке 3b295f9a-c075-487e-98cd-61d8fe7e6e4c
2025-11-13 19:03:30,030 - core.wallet - WARNING - Транзакция 99278bd5-af77-4317-8169-7b9f3125e2da не найдена в кошельке 3b295f9a-c075-487e-98cd-61d8fe7e6e4c
2025-11-13 19:03:30,030 - core.wallet - WARNING - Транзакция ed020852-4d02-4075-9bd3-6889c32b450a не найдена в кошельке 3b295f9a-c075-487e-98cd-61d8fe7e6e4c
2025-11-13 20:01:37,498 - core.wallet - INFO - Кошелёк 76776d52-d5e5-4d5f-bc72-2dfa0d82d7d7 пополнен на 2000.0. Новый баланс: 2000.0
2025-11-13 20:01:46,993 - core.wallet - INFO - Кошелёк 76776d52-d5e5-4d5f-bc72-2dfa0d82d7d7 пополнен на 2000.0. Новый баланс: 4000.0
2025-11-13 20:01:52,771 - core.wallet - INFO - Кошелёк c1590f97-8cb9-407c-b3a4-55c798e3e46c пополнен на 2000.0. Новый баланс: 2000.0
2025-11-13 20:02:12,935 - core.wallet - INFO - С кошелька c1590f97-8cb9-407c-b3a4-55c798e3e46c списано 23.0. Новый баланс: 1977.0
2025-11-13 20:02:12,935 - core.wallet - INFO - В кошелёк c1590f97-8cb9-407c-b3a4-55c798e3e46c добавлена транзакция c8a6fc12-4b64-4dee-86b7-7fca65cc6163 на сумму 23.0
2025-11-13 20:02:13,215 - core.wallet - INFO - С кошелька c1590f97-8cb9-407c-b3a4-55c798e3e46c списано 23.0. Новый баланс: 1954.0
2025-11-13 20:02:13,215 - core.wallet - INFO - В кошелёк c1590f97-8cb9-407c-b3a4-55c798e3e46c добавлена транзакция 309f5ae1-d618-424f-bbbb-8c9282226e2e на сумму 23.0
2025-11-13 20:02:13,481 - core.wallet - INFO - С кошелька c1590f97-8cb9-407c-b3a4-55c798e3e46c списано 23.0. Новый баланс: 1931.0
2025-11-13 20:02:13,481 - core.wallet - INFO - В кошелёк c1590f97-8cb9-407c-b3a4-55c798e3e46c добавлена транзакция aaa4a65b-b07f-4121-a2e6-e74f65ee5381 на сумму 23.0
2025-11-13 20:02:13,941 - core.wallet - INFO - С кошелька c1590f97-8cb9-407c-b3a4-55c798e3e46c списано 23.0. Новый баланс: 1908.0
2025-11-13 20:02:13,941 - core.wallet - INFO - В кошелёк c1590f97-8cb9-407c-b3a4-55c798e3e46c добавлена транзакция 0278c2b8-94cf-457c-b5ba-2cf6bca69198 на сумму 23.0
2025-11-13 20:02:14,178 - core.wallet - INFO - С кошелька c1590f97-8cb9-407c-b3a4-55c798e3e46c списано 23.0. Новый баланс: 1885.0
2025-11-13 20:02:14,179 - core.wallet - INFO - В кошелёк c1590f97-8cb9-407c-b3a4-55c798e3e46c добавлена транзакция 2ced131f-408d-4d2d-a937-ac01a400eeed на сумму 23.0
2025-11-13 20:02:14,387 - core.wallet - INFO - С кошелька c1590f97-8cb9-407c-b3a4-55c798e3e46c списано 23.0. Новый баланс: 1862.0
2025-11-13 20:02:14,388 - core.wallet - INFO - В кошелёк c1590f97-8cb9-407c-b3a4-55c798e3e46c добавлена транзакция 9c842e3d-87e7-498e-84e2-bbe6ab3971b0 на сумму 23.0
2025-11-13 20:02:14,621 - core.wallet - INFO - С кошелька c1590f97-8cb9-407c-b3a4-55c798e3e46c списано 23.0. Новый баланс: 1839.0
2025-11-13 20:02:14,622 - core.wallet - INFO - В кошелёк c1590f97-8cb9-407c-b3a4-55c798e3e46c добавлена транзакция 2bc421b3-5212-49e7-8d4f-af03a920ae81 на сумму 23.0
2025-11-13 20:02:14,883 - core.wallet - INFO - С кошелька c1590f97-8cb9-407c-b3a4-55c798e3e46c списано 23.0. Новый баланс: 1816.0
2025-11-13 20:02:14,884 - core.wallet - INFO - В кошелёк c1590f97-8cb9-407c-b3a4-55c798e3e46c добавлена транзакция 9696c6ee-518c-4d1c-9b43-b36063c148e9 на сумму 23.0
2025-11-13 20:02:48,677 - core.wallet - WARNING - Транзакция 6dab10c4-9c76-43b0-8c13-f01b98310f72 не найдена в кошельке c1590f97-8cb9-407c-b3a4-55c798e3e46c
2025-11-13 20:03:50,680 - core.wallet - WARNING - Транзакция 9e453387-6bed-44ec-8232-daced8385935 не найдена в кошельке c1590f97-8cb9-407c-b3a4-55c798e3e46c
2025-11-13 20:03:52,551 - core.wallet - WARNING - Транзакция 56b3bce5-adf9-4e87-bf6b-8a207a51b864 не найдена в кошельке c1590f97-8cb9-407c-b3a4-55c798e3e46c
2025-11-13 20:03:53,643 - core.wallet - WARNING - Транзакция f4740192-ef75-4d68-a070-0224cddda74a не найдена в кошельке c1590f97-8cb9-407c-b3a4-55c798e3e46c
2025-11-13 20:03:54,510 - core.wallet - WARNING - Транзакция b03de86b-bbdf-4911-a26b-cb9e5d847cd0 не найдена в кошельке c1590f97-8cb9-407c-b3a4-55c798e3e46c
2025-11-13 20:03:55,369 - core.wallet - WARNING - Транзакция 64c9406c-a745-44f7-9f3c-5dcf6b5c25b1 не найдена в кошельке c1590f97-8cb9-407c-b3a4-55c798e3e46c
2025-11-13 20:04:12,855 - core.wallet - WARNING - Транзакция c8a6fc12-4b64-4dee-86b7-7fca65cc6163 не найдена в кошельке 76776d52-d5e5-4d5f-bc72-2dfa0d82d7d7
2025-11-13 20:04:14,992 - core.wallet - WARNING - Транзакция 309f5ae1-d618-424f-bbbb-8c9282226e2e не найдена в кошельке 76776d52-d5e5-4d5f-bc72-2dfa0d82d7d7
2025-11-13 20:04:16,074 - core.wallet - WARNING - Транзакция aaa4a65b-b07f-4121-a2e6-e74f65ee5381 не найдена в кошельке 76776d52-d5e5-4d5f-bc72-2dfa0d82d7d7
2025-11-13 20:04:16,750 - core.wallet - WARNING - Транзакция 0278c2b8-94cf-457c-b5ba-2cf6bca69198 не найдена в кошельке 76776d52-d5e5-4d5f-bc72-2dfa0d82d7d7
2025-11-13 20:04:17,349 - core.wallet - WARNING - Транзакция 2ced131f-408d-4d2d-a937-ac01a400eeed не найдена в кошельке 76776d52-d5e5-4d5f-bc72-2dfa0d82d7d7
2025-11-13 20:04:18,000 - core.wallet - WARNING - Транзакция 9c842e3d-87e7-498e-84e2-bbe6ab3971b0 не найдена в кошельке 76776d52-d5e5-4d5f-bc72-2dfa0d82d7d7
2025-11-13 20:04:18,650 - core.wallet - WARNING - Транзакция 2bc421b3-5212-49e7-8d4f-af03a920ae81 не найдена в кошельке 76776d52-d5e5-4d5f-bc72-2dfa0d82d7d7
2025-11-13 20:04:19,280 - core.wallet - WARNING - Транзакция 9696c6ee-518c-4d1c-9b43-b36063c148e9 не найдена в кошельке 76776d52-d5e5-4d5f-bc72-2dfa0d82d7d7
2025-11-13 20:48:21,800 - core.wallet - INFO - Кошелёк 9267de28-bbb1-4490-a8f2-f68e9d2b0c3e пополнен на 1000.0. Новый баланс: 1000.0
2025-11-13 20:48:24,984 - core.wallet - INFO - Кошелёк 6623b438-3a5d-47f0-acc4-d15114403af1 пополнен на 1000.0. Новый баланс: 1000.0
2025-11-13 20:48:36,429 - core.wallet - INFO - С кошелька 6623b438-3a5d-47f0-acc4-d15114403af1 списано 10.0. Новый баланс: 990.0
2025-11-13 20:48:36,429 - core.wallet - INFO - В кошелёк 6623b438-3a5d-47f0-acc4-d15114403af1 добавлена транзакция ad57f4f7-6d26-437e-9723-ff3ca4e3cf9a на сумму 10.0
2025-11-13 20:48:37,018 - core.wallet - INFO - С кошелька 6623b438-3a5d-47f0-acc4-d15114403af1 списано 10.0. Новый баланс: 980.0
2025-11-13 20:48:37,018 - core.wallet - INFO - В кошелёк 6623b438-3a5d-47f0-acc4-d15114403af1 добавлена транзакция caa79c0a-8b42-4509-8a52-27ffba04a58f на сумму 10.0
2025-11-13 20:48:37,291 - core.wallet - INFO - С кошелька 6623b438-3a5d-47f0-acc4-d15114403af1 списано 10.0. Новый баланс: 970.0
2025-11-13 20:48:37,292 - core.wallet - INFO - В кошелёк 6623b438-3a5d-47f0-acc4-d15114403af1 добавлена транзакция 8bf21cdd-75f8-4921-a9cc-af565daeb718 на сумму 10.0
2025-11-13 20:48:37,499 - core.wallet - INFO - С кошелька 6623b438-3a5d-47f0-acc4-d15114403af1 списано 10.0. Новый баланс: 960.0
2025-11-13 20:48:37,499 - core.wallet - INFO - В кошелёк 6623b438-3a5d-47f0-acc4-d15114403af1 добавлена транзакция 60d6a3b8-1d0e-4bcb-b930-2136a574039b на сумму 10.0
2025-11-13 20:48:37,706 - core.wallet - INFO - С кошелька 6623b438-3a5d-47f0-acc4-d15114403af1 списано 10.0. Новый баланс: 950.0
2025-11-13 20:48:37,706 - core.wallet - INFO - В кошелёк 6623b438-3a5d-47f0-acc4-d15114403af1 добавлена транзакция 0ba4fadf-dea0-4c83-840b-7e418ed4c720 на сумму 10.0
2025-11-13 20:48:37,894 - core.wallet - INFO - С кошелька 6623b438-3a5d-47f0-acc4-d15114403af1 списано 10.0. Новый баланс: 940.0
2025-11-13 20:48:37,894 - core.wallet - INFO - В кошелёк 6623b438-3a5d-47f0-acc4-d15114403af1 добавлена транзакция 4e173ec7-2ff8-4d82-9668-ec0f5d541605 на сумму 10.0
2025-11-13 20:49:09,529 - core.wallet - WARNING - Транзакция 37fbf33a-c3c5-4d3f-ad58-8f54f650e59d не найдена в кошельке 6623b438-3a5d-47f0-acc4-d15114403af1
2025-11-13 20:49:09,529 - core.wallet - WARNING - Транзакция f7a5d79b-e0e7-4f84-a8d9-0c23e335b282 не найдена в кошельке 6623b438-3a5d-47f0-acc4-d15114403af1
2025-11-13 20:49:09,529 - core.wallet - WARNING - Транзакция 3cd6afc8-cec3-4a1d-814b-61c3491095f4 не найдена в кошельке 6623b438-3a5d-47f0-acc4-d15114403af1
2025-11-13 20:49:09,529 - core.wallet - WARNING - Транзакция 5d55cfe4-9017-4751-8939-591667700a66 не найдена в кошельке 6623b438-3a5d-47f0-acc4-d15114403af1
2025-11-13 20:49:09,529 - core.wallet - WARNING - Транзакция da9d9d49-0669-4b4c-b3e4-a05806768faf не найдена в кошельке 6623b438-3a5d-47f0-acc4-d15114403af1
2025-11-13 20:49:09,529 - core.wallet - WARNING - Транзакция 943ea685-1050-4203-8adb-0e42e47de149 не найдена в кошельке 6623b438-3a5d-47f0-acc4-d15114403af1
2025-11-13 20:49:28,172 - core.wallet - WARNING - Транзакция ad57f4f7-6d26-437e-9723-ff3ca4e3cf9a не найдена в кошельке 9267de28-bbb1-4490-a8f2-f68e9d2b0c3e
2025-11-13 20:49:28,172 - core.wallet - WARNING - Транзакция caa79c0a-8b42-4509-8a52-27ffba04a58f не найдена в кошельке 9267de28-bbb1-4490-a8f2-f68e9d2b0c3e
2025-11-13 20:49:28,172 - core.wallet - WARNING - Транзакция 8bf21cdd-75f8-4921-a9cc-af565daeb718 не найдена в кошельке 9267de28-bbb1-4490-a8f2-f68e9d2b0c3e
2025-11-13 20:49:28,172 - core.wallet - WARNING - Транзакция 60d6a3b8-1d0e-4bcb-b930-2136a574039b не найдена в кошельке 9267de28-bbb1-4490-a8f2-f68e9d2b0c3e
2025-11-13 20:49:28,172 - core.wallet - WARNING - Транзакция 0ba4fadf-dea0-4c83-840b-7e418ed4c720 не найдена в кошельке 9267de28-bbb1-4490-a8f2-f68e9d2b0c3e
2025-11-13 20:49:28,172 - core.wallet - WARNING - Транзакция 4e173ec7-2ff8-4d82-9668-ec0f5d541605 не найдена в кошельке 9267de28-bbb1-4490-a8f2-f68e9d2b0c3e
2025-11-13 21:21:51,193 - core.wallet - WARNING - Транзакция 66c0c193-a801-483c-8f06-541b6fa648e2 не найдена в кошельке e25d3974-8188-4594-834b-02e3685ef498
2025-11-13 21:21:51,194 - core.wallet - WARNING - Транзакция 0760ae0a-1768-4379-9650-25e9bb2f34ea не найдена в кошельке e25d3974-8188-4594-834b-02e3685ef498
2025-11-13 21:21:51,195 - core.wallet - WARNING - Транзакция 8f4417c2-c898-4033-8d68-44e3bc0138fc не найдена в кошельке e25d3974-8188-4594-834b-02e3685ef498
2025-11-13 21:21:51,195 - core.wallet - WARNING - Транзакция 540c6546-defa-420b-8c4f-163cb584b3a9 не найдена в кошельке e25d3974-8188-4594-834b-02e3685ef498
2025-11-13 21:21:51,196 - core.wallet - WARNING - Транзакция 06338ee2-ff21-483c-b97e-d8656e0d3e8d не найдена в кошельке e25d3974-8188-4594-834b-02e3685ef498
2025-11-13 21:22:34,462 - core.wallet - INFO - Кошелёк e25d3974-8188-4594-834b-02e3685ef498 пополнен на 5000.0. Новый баланс: 5000.0
2025-11-13 21:22:35,101 - core.wallet - INFO - Кошелёк e25d3974-8188-4594-834b-02e3685ef498 пополнен на 5000.0. Новый баланс: 10000.0
2025-11-13 21:35:57,154 - core.wallet - INFO - С кошелька e25d3974-8188-4594-834b-02e3685ef498 списано 21.0. Новый баланс: 9979.0
2025-11-13 21:35:57,154 - core.wallet - INFO - В кошелёк e25d3974-8188-4594-834b-02e3685ef498 добавлена транзакция 5f2e6f4e-f02d-4dd5-b3d4-e510f1d75172 на сумму 21.0
2025-11-13 21:35:58,068 - core.wallet - INFO - С кошелька e25d3974-8188-4594-834b-02e3685ef498 списано 21.0. Новый баланс: 9958.0
2025-11-13 21:35:58,068 - core.wallet - INFO - В кошелёк e25d3974-8188-4594-834b-02e3685ef498 добавлена транзакция ff54049d-b83e-48e0-8687-a955c20cff39 на сумму 21.0
2025-11-13 21:35:58,518 - core.wallet - INFO - С кошелька e25d3974-8188-4594-834b-02e3685ef498 списано 21.0. Новый баланс: 9937.0
2025-11-13 21:35:58,518 - core.wallet - INFO - В кошелёк e25d3974-8188-4594-834b-02e3685ef498 добавлена транзакция ae4f00b2-d7f5-41f8-a594-69639c98d24b на сумму 21.0
2025-11-13 21:35:58,976 - core.wallet - INFO - С кошелька e25d3974-8188-4594-834b-02e3685ef498 списано 21.0. Новый баланс: 9916.0
2025-11-13 21:35:58,976 - core.wallet - INFO - В кошелёк e25d3974-8188-4594-834b-02e3685ef498 добавлена транзакция b8fdcdef-8980-4a37-9fa4-ebc9fc7de17d на сумму 21.0
2025-11-13 21:35:59,494 - core.wallet - INFO - С кошелька e25d3974-8188-4594-834b-02e3685ef498 списано 21.0. Новый баланс: 9895.0
2025-11-13 21:35:59,494 - core.wallet - INFO - В кошелёк e25d3974-8188-4594-834b-02e3685ef498 добавлена транзакция 5365c537-4dac-4be8-b55c-6e5cb2985be3 на сумму 21.0
2025-11-13 21:35:59,941 - core.wallet - INFO - С кошелька e25d3974-8188-4594-834b-02e3685ef498 списано 21.0. Новый баланс: 9874.0
2025-11-13 21:35:59,941 - core.wallet - INFO - В кошелёк e25d3974-8188-4594-834b-02e3685ef498 добавлена транзакция fcbf125a-4a5c-4f8c-b6e1-e4624ee1ee28 на сумму 21.0
2025-11-13 21:36:13,493 - core.wallet - WARNING - Транзакция c2eb851f-3886-43b6-b4a6-b0697acb8c68 не найдена в кошельке e25d3974-8188-4594-834b-02e3685ef498
2025-11-13 21:36:13,495 - core.wallet - WARNING - Транзакция 7e9a7d62-4ee3-4ca2-b0b5-9d77fb7b0125 не найдена в кошельке e25d3974-8188-4594-834b-02e3685ef498
2025-11-13 21:36:13,496 - core.wallet - WARNING - Транзакция dd5b6c0a-dd22-4f8a-8710-9cb577edc148 не найдена в кошельке e25d3974-8188-4594-834b-02e3685ef498
2025-11-13 21:36:13,497 - core.wallet - WARNING - Транзакция d3084285-22f0-4e81-aece-366c64b8f86e не найдена в кошельке e25d3974-8188-4594-834b-02e3685ef498
2025-11-13 21:36:13,498 - core.wallet - WARNING - Транзакция 5f2e6f4e-f02d-4dd5-b3d4-e510f1d75172 не найдена в кошельке a133661f-9eef-4236-b2b8-543fe36ad935
2025-11-13 21:36:13,500 - core.wallet - WARNING - Транзакция ff54049d-b83e-48e0-8687-a955c20cff39 не найдена в кошельке a133661f-9eef-4236-b2b8-543fe36ad935
2025-11-13 21:36:13,501 - core.wallet - WARNING - Транзакция ae4f00b2-d7f5-41f8-a594-69639c98d24b не найдена в кошельке a133661f-9eef-4236-b2b8-543fe36ad935
2025-11-13 21:36:13,502 - core.wallet - WARNING - Транзакция b8fdcdef-8980-4a37-9fa4-ebc9fc7de17d не найдена в кошельке a133661f-9eef-4236-b2b8-543fe36ad935
2025-11-13 21:36:13,504 - core.wallet - WARNING - Транзакция 5365c537-4dac-4be8-b55c-6e5cb2985be3 не найдена в кошельке a133661f-9eef-4236-b2b8-543fe36ad935
2025-11-13 21:36:13,505 - core.wallet - WARNING - Транзакция fcbf125a-4a5c-4f8c-b6e1-e4624ee1ee28 не найдена в кошельке a133661f-9eef-4236-b2b8-543fe36ad935
